Case #1: abcd
Case #2: aaadfacfefdffdbbefcaccebcccadfeccbbecbbdbecaadfacffaebeacddedcaddbceacdeeffffacdacedcdfbdee
Case #3: IMPOSSIBLE
Case #4: bbbdcfabaacbcbfcddfcbfbcfbdbaefbadcdddefeffbefdfedfcfffcfddfdfdaaeeeaaaddcefedbbaeee
Case #5: aaaaaaebecbdbdeddafefbdcededadaaafabadaaeddaaffccfefefffcfafcdecdfbeaadddeecaaaeaeec
Case #6: bfbfafafafafafdfdfefefcfcffbfbfbfcfcfdfdffffffffffffffffffffffffffffffffffffffffffffffffffffffffffff
Case #7: addaafaafaebaccaccaaaaaaabacfaaaadea
Case #8: abaafeaacfbfaabebddae
Case #9: IMPOSSIBLE
Case #10: IMPOSSIBLE
Case #11: aadbdffecbdaadaaaaaaeaadaaaaddaaeafcaebdaabcadfaacafa
Case #12: IMPOSSIBLE
Case #13: dfecfcbfabbeaaefdddadfbecadaafadcfbcafbefbabcbfebbfddbfaabfeecdfdbaccadbdbacdebcceaaccdb
Case #14: abcd
Case #15: deadffafdbdcbcbbafaacbaddbbdffdafbafccbbcdafdc
Case #16: adbecbadeabddaeefbfefaafefcbceaaaaaadaaa
Case #17: abacac
Case #18: IMPOSSIBLE
Case #19: ffffffffffffffffffffffffffffffffffffffffffffffffffffffffffffffffffffffffffffffffffffffffffffffffffff
Case #20: IMPOSSIBLE
